[     188ms] [INFO] %c📡 [info] GET /search
 color: inherit; @ http://localhost:4000/phoenix/live_reload/frame:1828
[     202ms] [INFO] %c📡 [info] Sent 200 in 22ms
 color: inherit; @ http://localhost:4000/phoenix/live_reload/frame:1828
[     469ms] [LOG] phx-GKv1nDjTKq9kpwLD mount:  -  {0: Object, 1: Object, 2: Object, 3: Object, 4: Object, 5: Object, 6: Object, 7: Object, p: Object, s: 26} @ http://localhost:4000/assets/js/app.js:1863
[   60322ms] [LOG] phx-GKv1nDjTKq9kpwLD update:  -  {6: Object, p: Object} @ http://localhost:4000/assets/js/app.js:1863
[   81567ms] [LOG] phx-GKv1nDjTKq9kpwLD update:  -  {6: Object, p: Object} @ http://localhost:4000/assets/js/app.js:1863
[   82191ms] [LOG] phx-GKv1nDjTKq9kpwLD update:  -  {6: Object, p: Object} @ http://localhost:4000/assets/js/app.js:1863
[  102586ms] [INFO] %c📡 [info] Starting watchlist check...
 color: inherit; @ http://localhost:4000/phoenix/live_reload/frame:1828
[  102599ms] [INFO] %c📡 [info] Found 0 active watchlists
 color: inherit; @ http://localhost:4000/phoenix/live_reload/frame:1828
[  102599ms] [INFO] %c📡 [info] Watchlist check completed in 13ms
 color: inherit; @ http://localhost:4000/phoenix/live_reload/frame:1828
[  720132ms] [INFO] %c📡 [info] Starting watchlist check...
 color: inherit; @ http://localhost:4000/phoenix/live_reload/frame:1828
[  720136ms] [INFO] %c📡 [info] Found 0 active watchlists
 color: inherit; @ http://localhost:4000/phoenix/live_reload/frame:1828
[  720136ms] [INFO] %c📡 [info] Watchlist check completed in 4ms
 color: inherit; @ http://localhost:4000/phoenix/live_reload/frame:1828
[ 1336663ms] [INFO] %c📡 [info] Starting watchlist check...
 color: inherit; @ http://localhost:4000/phoenix/live_reload/frame:1828
[ 1336667ms] [INFO] %c📡 [info] Found 0 active watchlists
 color: inherit; @ http://localhost:4000/phoenix/live_reload/frame:1828
[ 1336667ms] [INFO] %c📡 [info] Watchlist check completed in 5ms
 color: inherit; @ http://localhost:4000/phoenix/live_reload/frame:1828
[ 1950486ms] [INFO] %c📡 [info] Starting watchlist check...
 color: inherit; @ http://localhost:4000/phoenix/live_reload/frame:1828
[ 1950489ms] [INFO] %c📡 [info] Found 0 active watchlists
 color: inherit; @ http://localhost:4000/phoenix/live_reload/frame:1828
[ 1950489ms] [INFO] %c📡 [info] Watchlist check completed in 3ms
 color: inherit; @ http://localhost:4000/phoenix/live_reload/frame:1828
